2026-05-02 14:11:26,752 [INFO] Activator:176 - 


2026-05-02 14:11:26,753 [INFO] Activator:177 - !SESSION log4j initialized
2026-05-02 14:11:27,899 [INFO] LogOutputStream:77 - [STDOUT_REDIRECT] 
2026-05-02 14:11:28,293 [INFO] LogOutputStream:77 - [STDOUT_REDIRECT] Start the detection of the machine's architecture
2026-05-02 14:11:28,298 [INFO] LogOutputStream:77 - [STDOUT_REDIRECT] use arm architecture
2026-05-02 14:11:28,298 [INFO] LogOutputStream:77 - [STDOUT_REDIRECT] Architecture: Apple Silicon (ARM64)
2026-05-02 14:11:49,257 [ERROR] LogOutputStream:75 - [STDERR_REDIRECT] 
2026-05-02 14:13:08,892 [INFO] Activator:176 - 


2026-05-02 14:13:08,893 [INFO] Activator:177 - !SESSION log4j initialized
2026-05-02 14:13:09,750 [INFO] LogOutputStream:77 - [STDOUT_REDIRECT] 
2026-05-02 14:13:09,858 [INFO] LogOutputStream:77 - [STDOUT_REDIRECT] Start the detection of the machine's architecture
2026-05-02 14:13:09,866 [INFO] LogOutputStream:77 - [STDOUT_REDIRECT] use arm architecture
2026-05-02 14:13:09,866 [INFO] LogOutputStream:77 - [STDOUT_REDIRECT] Architecture: Apple Silicon (ARM64)
2026-05-02 14:13:14,737 [ERROR] LogOutputStream:75 - [STDERR_REDIRECT] 
2026-05-02 14:13:55,738 [INFO] Activator:176 - 


2026-05-02 14:13:55,739 [INFO] Activator:177 - !SESSION log4j initialized
2026-05-02 14:13:57,877 [INFO] LogOutputStream:77 - [STDOUT_REDIRECT] 
2026-05-02 14:13:57,957 [INFO] LogOutputStream:77 - [STDOUT_REDIRECT] Start the detection of the machine's architecture
2026-05-02 14:13:57,963 [INFO] LogOutputStream:77 - [STDOUT_REDIRECT] use arm architecture
2026-05-02 14:13:57,963 [INFO] LogOutputStream:77 - [STDOUT_REDIRECT] Architecture: Apple Silicon (ARM64)
2026-05-02 14:14:04,474 [ERROR] LogOutputStream:75 - [STDERR_REDIRECT] 
